0 info it worked if it ends with ok
1 verbose cli [ '/usr/bin/nodejs',
1 verbose cli   '/usr/bin/npm',
1 verbose cli   'completion',
1 verbose cli   '--',
1 verbose cli   'npm',
1 verbose cli   'install',
1 verbose cli   'for' ]
2 info using npm@1.3.10
3 info using node@v0.10.25
4 verbose url raw /-/short
5 verbose url resolving [ 'https://registry.npmjs.org/', './-/short' ]
6 verbose url resolved https://registry.npmjs.org/-/short
7 info trying registry request attempt 1 at 13:06:59
8 http GET https://registry.npmjs.org/-/short
9 http 404 https://registry.npmjs.org/-/short
10 silly registry.get cb [ 404,
10 silly registry.get   { 'content-type': 'application/json',
10 silly registry.get     'cache-control': 'max-age=0',
10 silly registry.get     'content-length': '2',
10 silly registry.get     'accept-ranges': 'bytes',
10 silly registry.get     date: 'Mon, 09 Nov 2015 12:06:59 GMT',
10 silly registry.get     via: '1.1 varnish',
10 silly registry.get     connection: 'keep-alive',
10 silly registry.get     'x-served-by': 'cache-lcy1126-LCY',
10 silly registry.get     'x-cache': 'MISS',
10 silly registry.get     'x-cache-hits': '0',
10 silly registry.get     'x-timer': 'S1447070819.720105,VS0,VE194' } ]
11 error TypeError: Object #<Object> has no method 'filter'
11 error     at /usr/share/npm/lib/install.js:42:17
11 error     at saved (/usr/share/npm/node_modules/npm-registry-client/lib/get.js:142:7)
11 error     at /usr/lib/nodejs/graceful-fs/polyfills.js:133:7
11 error     at Object.oncomplete (fs.js:107:15)
12 error If you need help, you may report this log at:
12 error     <http://github.com/isaacs/npm/issues>
12 error or email it to:
12 error     <npm-@googlegroups.com>
13 error System Linux 3.13.0-24-generic
14 error command "/usr/bin/nodejs" "/usr/bin/npm" "completion" "--" "npm" "install" "for"
15 error cwd /home/angel/github/node-js-getting-started
16 error node -v v0.10.25
17 error npm -v 1.3.10
18 error type undefined_method
19 verbose exit [ 1, true ]
